<?xml version="1.0" encoding="UTF-8"?>
<!-- Generated by org.testng.reporters.JUnitReportReporter -->
<testsuite hostname="DESKTOP-GEL5ICB" failures="0" tests="1" name="RestAssured_API.TestExtentReport" time="12.686" errors="0" timestamp="2020-07-18T13:49:29 IST" skipped="0">
  <testcase classname="RestAssured_API.TestExtentReport" name="test" time="12.686"/>
  <system-out/>
</testsuite> <!-- RestAssured_API.TestExtentReport -->
