<?xml version="1.0" encoding="UTF-8"?>
<!-- Generated by org.testng.reporters.JUnitReportReporter -->
<testsuite hostname="DESKTOP-GEL5ICB" failures="0" tests="1" name="RestAssured_API.API_Test1" time="4.049" errors="0" timestamp="2020-07-24T09:42:11 IST" skipped="0">
  <testcase classname="RestAssured_API.API_Test1" name="getData" time="4.049"/>
  <system-out/>
</testsuite> <!-- RestAssured_API.API_Test1 -->
